[ utils/training ] Saved model to checkpoints/checkpoint/state_0.pt
[ utils/training ] Saved model to checkpoints/checkpoint/state_0.pt
0:   0.3447 | a0_loss:   1.1564 | inv_loss:   0.2106 | t:   3.5776
╒════════════════════╤════════════════════╕
│        step        │         0          │
├────────────────────┼────────────────────┤
│        loss        │       0.345        │
├────────────────────┼────────────────────┤
│      a0 loss       │       1.156        │
├────────────────────┼────────────────────┤
│      inv loss      │       0.211        │
╘════════════════════╧════════════════════╛

[ utils/training ] Saved model to checkpoints/checkpoint/state_0.pt
0:   0.3432 | a0_loss:   1.1395 | inv_loss:   0.2274 | t:   3.2521
╒════════════════════╤════════════════════╕
│        step        │         0          │
├────────────────────┼────────────────────┤
│        loss        │       0.343        │
├────────────────────┼────────────────────┤
│      a0 loss       │       1.140        │
├────────────────────┼────────────────────┤
│      inv loss      │       0.227        │
╘════════════════════╧════════════════════╛

[ utils/training ] Saved model to checkpoints/checkpoint/state_0.pt
0:   0.3496 | a0_loss:   1.1658 | inv_loss:   0.2188 | t:   3.2711
╒════════════════════╤════════════════════╕
│        step        │         0          │
├────────────────────┼────────────────────┤
│        loss        │       0.350        │
├────────────────────┼────────────────────┤
│      a0 loss       │       1.166        │
├────────────────────┼────────────────────┤
│      inv loss      │       0.219        │
╘════════════════════╧════════════════════╛

[ utils/training ] Saved model to checkpoints/checkpoint/state_0.pt
0:   0.3394 | a0_loss:   1.1392 | inv_loss:   0.2221 | t:   3.2600
╒════════════════════╤════════════════════╕
│        step        │         0          │
├────────────────────┼────────────────────┤
│        loss        │       0.339        │
├────────────────────┼────────────────────┤
│      a0 loss       │       1.139        │
├────────────────────┼────────────────────┤
│      inv loss      │       0.222        │
╘════════════════════╧════════════════════╛

[ utils/training ] Saved model to checkpoints/checkpoint/state_0.pt
0:   0.3449 | a0_loss:   1.1491 | inv_loss:   0.2160 | t:   3.1477
╒════════════════════╤════════════════════╕
│        step        │         0          │
├────────────────────┼────────────────────┤
│        loss        │       0.345        │
├────────────────────┼────────────────────┤
│      a0 loss       │       1.149        │
├────────────────────┼────────────────────┤
│      inv loss      │       0.216        │
╘════════════════════╧════════════════════╛

[ utils/training ] Saved model to checkpoints/checkpoint/state_0.pt
0:   0.3437 | a0_loss:   1.1458 | inv_loss:   0.2225 | t:   3.2500
╒════════════════════╤════════════════════╕
│        step        │         0          │
├────────────────────┼────────────────────┤
│        loss        │       0.344        │
├────────────────────┼────────────────────┤
│      a0 loss       │       1.146        │
├────────────────────┼────────────────────┤
│      inv loss      │       0.222        │
╘════════════════════╧════════════════════╛

[ utils/training ] Saved model to checkpoints/checkpoint/state_0.pt
0:   0.3377 | a0_loss:   1.1207 | inv_loss:   0.2229 | t:   3.1361
╒════════════════════╤════════════════════╕
│        step        │         0          │
├────────────────────┼────────────────────┤
│        loss        │       0.338        │
├────────────────────┼────────────────────┤
│      a0 loss       │       1.121        │
├────────────────────┼────────────────────┤
│      inv loss      │       0.223        │
╘════════════════════╧════════════════════╛

[ utils/training ] Saved model to checkpoints/checkpoint/state_0.pt
0:   0.3305 | a0_loss:   1.1160 | inv_loss:   0.2238 | t:   3.1510
╒════════════════════╤════════════════════╕
│        step        │         0          │
├────────────────────┼────────────────────┤
│        loss        │       0.330        │
├────────────────────┼────────────────────┤
│      a0 loss       │       1.116        │
├────────────────────┼────────────────────┤
│      inv loss      │       0.224        │
╘════════════════════╧════════════════════╛

[ utils/training ] Saved model to checkpoints/checkpoint/state_0.pt
0:   0.3380 | a0_loss:   1.1288 | inv_loss:   0.2151 | t:   3.1270
╒════════════════════╤════════════════════╕
│        step        │         0          │
├────────────────────┼────────────────────┤
│        loss        │       0.338        │
├────────────────────┼────────────────────┤
│      a0 loss       │       1.129        │
├────────────────────┼────────────────────┤
│      inv loss      │       0.215        │
╘════════════════════╧════════════════════╛

[ utils/training ] Saved model to checkpoints/checkpoint/state_0.pt
0:   0.3461 | a0_loss:   1.1323 | inv_loss:   0.2125 | t:   3.2109
╒════════════════════╤════════════════════╕
│        step        │         0          │
├────────────────────┼────────────────────┤
│        loss        │       0.346        │
├────────────────────┼────────────────────┤
│      a0 loss       │       1.132        │
├────────────────────┼────────────────────┤
│      inv loss      │       0.213        │
╘════════════════════╧════════════════════╛

[ utils/training ] Saved model to checkpoints/checkpoint/state_0.pt
0:   0.3545 | a0_loss:   1.1744 | inv_loss:   0.2274 | t:   3.4168
╒════════════════════╤════════════════════╕
│        step        │         0          │
├────────────────────┼────────────────────┤
│        loss        │       0.354        │
├────────────────────┼────────────────────┤
│      a0 loss       │       1.174        │
├────────────────────┼────────────────────┤
│      inv loss      │       0.227        │
╘════════════════════╧════════════════════╛

[ utils/training ] Saved model to checkpoints/checkpoint/state_0.pt
0:   0.3464 | a0_loss:   1.1358 | inv_loss:   0.2206 | t:   3.1223
╒════════════════════╤════════════════════╕
│        step        │         0          │
├────────────────────┼────────────────────┤
│        loss        │       0.346        │
├────────────────────┼────────────────────┤
│      a0 loss       │       1.136        │
├────────────────────┼────────────────────┤
│      inv loss      │       0.221        │
╘════════════════════╧════════════════════╛

100:   0.1000 | a0_loss:   0.3175 | inv_loss:   0.2015 | t: 105.2286
╒════════════════════╤════════════════════╕
│        step        │        100         │
├────────────────────┼────────────────────┤
│        loss        │       0.100        │
├────────────────────┼────────────────────┤
│      a0 loss       │       0.318        │
├────────────────────┼────────────────────┤
│      inv loss      │       0.202        │
╘════════════════════╧════════════════════╛

200:   0.0775 | a0_loss:   0.2458 | inv_loss:   0.1965 | t:  56.2432
╒════════════════════╤════════════════════╕
│        step        │        200         │
├────────────────────┼────────────────────┤
│        loss        │       0.078        │
├────────────────────┼────────────────────┤
│      a0 loss       │       0.246        │
├────────────────────┼────────────────────┤
│      inv loss      │       0.197        │
╘════════════════════╧════════════════════╛

300:   0.0629 | a0_loss:   0.1624 | inv_loss:   0.1980 | t:  56.2499
╒════════════════════╤════════════════════╕
│        step        │        300         │
├────────────────────┼────────────────────┤
│        loss        │       0.063        │
├────────────────────┼────────────────────┤
│      a0 loss       │       0.162        │
├────────────────────┼────────────────────┤
│      inv loss      │       0.198        │
╘════════════════════╧════════════════════╛

400:   0.0602 | a0_loss:   0.1702 | inv_loss:   0.1795 | t:  56.2518
╒════════════════════╤════════════════════╕
│        step        │        400         │
├────────────────────┼────────────────────┤
│        loss        │       0.060        │
├────────────────────┼────────────────────┤
│      a0 loss       │       0.170        │
├────────────────────┼────────────────────┤
│      inv loss      │       0.180        │
╘════════════════════╧════════════════════╛

500:   0.0672 | a0_loss:   0.2039 | inv_loss:   0.1925 | t:  56.2735
╒════════════════════╤════════════════════╕
│        step        │        500         │
├────────────────────┼────────────────────┤
│        loss        │       0.067        │
├────────────────────┼────────────────────┤
│      a0 loss       │       0.204        │
├────────────────────┼────────────────────┤
│      inv loss      │       0.193        │
╘════════════════════╧════════════════════╛

600:   0.0528 | a0_loss:   0.1022 | inv_loss:   0.1819 | t:  56.2662
╒════════════════════╤════════════════════╕
│        step        │        600         │
├────────────────────┼────────────────────┤
│        loss        │       0.053        │
├────────────────────┼────────────────────┤
│      a0 loss       │       0.102        │
├────────────────────┼────────────────────┤
│      inv loss      │       0.182        │
╘════════════════════╧════════════════════╛

700:   0.0523 | a0_loss:   0.1287 | inv_loss:   0.1821 | t:  56.1896
╒════════════════════╤════════════════════╕
│        step        │        700         │
├────────────────────┼────────────────────┤
│        loss        │       0.052        │
├────────────────────┼────────────────────┤
│      a0 loss       │       0.129        │
├────────────────────┼────────────────────┤
│      inv loss      │       0.182        │
╘════════════════════╧════════════════════╛

800:   0.0567 | a0_loss:   0.1172 | inv_loss:   0.1965 | t:  56.2365
╒════════════════════╤════════════════════╕
│        step        │        800         │
├────────────────────┼────────────────────┤
│        loss        │       0.057        │
├────────────────────┼────────────────────┤
│      a0 loss       │       0.117        │
├────────────────────┼────────────────────┤
│      inv loss      │       0.197        │
╘════════════════════╧════════════════════╛

900:   0.0540 | a0_loss:   0.1421 | inv_loss:   0.1879 | t:  56.2558
╒════════════════════╤════════════════════╕
│        step        │        900         │
├────────────────────┼────────────────────┤
│        loss        │       0.054        │
├────────────────────┼────────────────────┤
│      a0 loss       │       0.142        │
├────────────────────┼────────────────────┤
│      inv loss      │       0.188        │
╘════════════════════╧════════════════════╛

[ utils/training ] Saved model to checkpoints/checkpoint/state_1000.pt
1000:   0.0596 | a0_loss:   0.1472 | inv_loss:   0.1938 | t:  57.2204
╒════════════════════╤════════════════════╕
│        step        │        1000        │
├────────────────────┼────────────────────┤
│        loss        │       0.060        │
├────────────────────┼────────────────────┤
│      a0 loss       │       0.147        │
├────────────────────┼────────────────────┤
│      inv loss      │       0.194        │
╘════════════════════╧════════════════════╛

1100:   0.0547 | a0_loss:   0.1413 | inv_loss:   0.1847 | t:  92.6098
╒════════════════════╤════════════════════╕
│        step        │        1100        │
├────────────────────┼────────────────────┤
│        loss        │       0.055        │
├────────────────────┼────────────────────┤
│      a0 loss       │       0.141        │
├────────────────────┼────────────────────┤
│      inv loss      │       0.185        │
╘════════════════════╧════════════════════╛

1200:   0.0548 | a0_loss:   0.1261 | inv_loss:   0.2027 | t:  56.2415
╒════════════════════╤════════════════════╕
│        step        │        1200        │
├────────────────────┼────────────────────┤
│        loss        │       0.055        │
├────────────────────┼────────────────────┤
│      a0 loss       │       0.126        │
├────────────────────┼────────────────────┤
│      inv loss      │       0.203        │
╘════════════════════╧════════════════════╛

1300:   0.0529 | a0_loss:   0.1444 | inv_loss:   0.1776 | t:  56.2493
╒════════════════════╤════════════════════╕
│        step        │        1300        │
├────────────────────┼────────────────────┤
│        loss        │       0.053        │
├────────────────────┼────────────────────┤
│      a0 loss       │       0.144        │
├────────────────────┼────────────────────┤
│      inv loss      │       0.178        │
╘════════════════════╧════════════════════╛

1400:   0.0511 | a0_loss:   0.0956 | inv_loss:   0.1888 | t:  56.2836
╒════════════════════╤════════════════════╕
│        step        │        1400        │
├────────────────────┼────────────────────┤
│        loss        │       0.051        │
├────────────────────┼────────────────────┤
│      a0 loss       │       0.096        │
├────────────────────┼────────────────────┤
│      inv loss      │       0.189        │
╘════════════════════╧════════════════════╛

1500:   0.0509 | a0_loss:   0.1001 | inv_loss:   0.1887 | t:  56.2659
╒════════════════════╤════════════════════╕
│        step        │        1500        │
├────────────────────┼────────────────────┤
│        loss        │       0.051        │
├────────────────────┼────────────────────┤
│      a0 loss       │       0.100        │
├────────────────────┼────────────────────┤
│      inv loss      │       0.189        │
╘════════════════════╧════════════════════╛

1600:   0.0549 | a0_loss:   0.1138 | inv_loss:   0.2051 | t:  56.2539
╒════════════════════╤════════════════════╕
│        step        │        1600        │
├────────────────────┼────────────────────┤
│        loss        │       0.055        │
├────────────────────┼────────────────────┤
│      a0 loss       │       0.114        │
├────────────────────┼────────────────────┤
│      inv loss      │       0.205        │
╘════════════════════╧════════════════════╛

1700:   0.0549 | a0_loss:   0.1483 | inv_loss:   0.1867 | t:  56.2749
╒════════════════════╤════════════════════╕
│        step        │        1700        │
├────────────────────┼────────────────────┤
│        loss        │       0.055        │
├────────────────────┼────────────────────┤
│      a0 loss       │       0.148        │
├────────────────────┼────────────────────┤
│      inv loss      │       0.187        │
╘════════════════════╧════════════════════╛

1800:   0.0516 | a0_loss:   0.0987 | inv_loss:   0.1872 | t:  56.2257
╒════════════════════╤════════════════════╕
│        step        │        1800        │
├────────────────────┼────────────────────┤
│        loss        │       0.052        │
├────────────────────┼────────────────────┤
│      a0 loss       │       0.099        │
├────────────────────┼────────────────────┤
│      inv loss      │       0.187        │
╘════════════════════╧════════════════════╛

1900:   0.0551 | a0_loss:   0.1233 | inv_loss:   0.1989 | t:  56.3185
╒════════════════════╤════════════════════╕
│        step        │        1900        │
├────────────────────┼────────────────────┤
│        loss        │       0.055        │
├────────────────────┼────────────────────┤
│      a0 loss       │       0.123        │
├────────────────────┼────────────────────┤
│      inv loss      │       0.199        │
╘════════════════════╧════════════════════╛

[ utils/training ] Saved model to checkpoints/checkpoint/state_2000.pt
2000:   0.0496 | a0_loss:   0.0903 | inv_loss:   0.1765 | t:  57.1771
╒════════════════════╤════════════════════╕
│        step        │        2000        │
├────────────────────┼────────────────────┤
│        loss        │       0.050        │
├────────────────────┼────────────────────┤
│      a0 loss       │       0.090        │
├────────────────────┼────────────────────┤
│      inv loss      │       0.177        │
╘════════════════════╧════════════════════╛

2100:   0.0529 | a0_loss:   0.0841 | inv_loss:   0.1935 | t:  92.4734
╒════════════════════╤════════════════════╕
│        step        │        2100        │
├────────────────────┼────────────────────┤
│        loss        │       0.053        │
├────────────────────┼────────────────────┤
│      a0 loss       │       0.084        │
├────────────────────┼────────────────────┤
│      inv loss      │       0.194        │
╘════════════════════╧════════════════════╛

2200:   0.0539 | a0_loss:   0.1164 | inv_loss:   0.1858 | t:  56.1378
╒════════════════════╤════════════════════╕
│        step        │        2200        │
├────────────────────┼────────────────────┤
│        loss        │       0.054        │
├────────────────────┼────────────────────┤
│      a0 loss       │       0.116        │
├────────────────────┼────────────────────┤
│      inv loss      │       0.186        │
╘════════════════════╧════════════════════╛

2300:   0.0513 | a0_loss:   0.1470 | inv_loss:   0.1819 | t:  56.2341
╒════════════════════╤════════════════════╕
│        step        │        2300        │
├────────────────────┼────────────────────┤
│        loss        │       0.051        │
├────────────────────┼────────────────────┤
│      a0 loss       │       0.147        │
├────────────────────┼────────────────────┤
│      inv loss      │       0.182        │
╘════════════════════╧════════════════════╛

2400:   0.0519 | a0_loss:   0.1104 | inv_loss:   0.1911 | t:  56.1999
╒════════════════════╤════════════════════╕
│        step        │        2400        │
├────────────────────┼────────────────────┤
│        loss        │       0.052        │
├────────────────────┼────────────────────┤
│      a0 loss       │       0.110        │
├────────────────────┼────────────────────┤
│      inv loss      │       0.191        │
╘════════════════════╧════════════════════╛

2500:   0.0553 | a0_loss:   0.1165 | inv_loss:   0.1906 | t:  56.1719
╒════════════════════╤════════════════════╕
│        step        │        2500        │
├────────────────────┼────────────────────┤
│        loss        │       0.055        │
├────────────────────┼────────────────────┤
│      a0 loss       │       0.116        │
├────────────────────┼────────────────────┤
│      inv loss      │       0.191        │
╘════════════════════╧════════════════════╛

2600:   0.0526 | a0_loss:   0.1125 | inv_loss:   0.1920 | t:  56.2243
╒════════════════════╤════════════════════╕
│        step        │        2600        │
├────────────────────┼────────────────────┤
│        loss        │       0.053        │
├────────────────────┼────────────────────┤
│      a0 loss       │       0.112        │
├────────────────────┼────────────────────┤
│      inv loss      │       0.192        │
╘════════════════════╧════════════════════╛

2700:   0.0502 | a0_loss:   0.0943 | inv_loss:   0.1872 | t:  56.2016
╒════════════════════╤════════════════════╕
│        step        │        2700        │
├────────────────────┼────────────────────┤
│        loss        │       0.050        │
├────────────────────┼────────────────────┤
│      a0 loss       │       0.094        │
├────────────────────┼────────────────────┤
│      inv loss      │       0.187        │
╘════════════════════╧════════════════════╛

2800:   0.0517 | a0_loss:   0.0870 | inv_loss:   0.1953 | t:  56.2172
╒════════════════════╤════════════════════╕
│        step        │        2800        │
├────────────────────┼────────────────────┤
│        loss        │       0.052        │
├────────────────────┼────────────────────┤
│      a0 loss       │       0.087        │
├────────────────────┼────────────────────┤
│      inv loss      │       0.195        │
╘════════════════════╧════════════════════╛

2900:   0.0506 | a0_loss:   0.0959 | inv_loss:   0.1810 | t:  56.1599
╒════════════════════╤════════════════════╕
│        step        │        2900        │
├────────────────────┼────────────────────┤
│        loss        │       0.051        │
├────────────────────┼────────────────────┤
│      a0 loss       │       0.096        │
├────────────────────┼────────────────────┤
│      inv loss      │       0.181        │
╘════════════════════╧════════════════════╛

[ utils/training ] Saved model to checkpoints/checkpoint/state_3000.pt
3000:   0.0505 | a0_loss:   0.1047 | inv_loss:   0.1846 | t:  57.1704
╒════════════════════╤════════════════════╕
│        step        │        3000        │
├────────────────────┼────────────────────┤
│        loss        │       0.050        │
├────────────────────┼────────────────────┤
│      a0 loss       │       0.105        │
├────────────────────┼────────────────────┤
│      inv loss      │       0.185        │
╘════════════════════╧════════════════════╛

3100:   0.0534 | a0_loss:   0.0812 | inv_loss:   0.2008 | t:  92.5467
╒════════════════════╤════════════════════╕
│        step        │        3100        │
├────────────────────┼────────────────────┤
│        loss        │       0.053        │
├────────────────────┼────────────────────┤
│      a0 loss       │       0.081        │
├────────────────────┼────────────────────┤
│      inv loss      │       0.201        │
╘════════════════════╧════════════════════╛

3200:   0.0537 | a0_loss:   0.1010 | inv_loss:   0.1971 | t:  56.1773
╒════════════════════╤════════════════════╕
│        step        │        3200        │
├────────────────────┼────────────────────┤
│        loss        │       0.054        │
├────────────────────┼────────────────────┤
│      a0 loss       │       0.101        │
├────────────────────┼────────────────────┤
│      inv loss      │       0.197        │
╘════════════════════╧════════════════════╛

3300:   0.0490 | a0_loss:   0.0819 | inv_loss:   0.1826 | t:  56.2006
╒════════════════════╤════════════════════╕
│        step        │        3300        │
├────────────────────┼────────────────────┤
│        loss        │       0.049        │
├────────────────────┼────────────────────┤
│      a0 loss       │       0.082        │
├────────────────────┼────────────────────┤
│      inv loss      │       0.183        │
╘════════════════════╧════════════════════╛

3400:   0.0496 | a0_loss:   0.0800 | inv_loss:   0.1876 | t:  56.1699
╒════════════════════╤════════════════════╕
│        step        │        3400        │
├────────────────────┼────────────────────┤
│        loss        │       0.050        │
├────────────────────┼────────────────────┤
│      a0 loss       │       0.080        │
├────────────────────┼────────────────────┤
│      inv loss      │       0.188        │
╘════════════════════╧════════════════════╛

3500:   0.0519 | a0_loss:   0.0714 | inv_loss:   0.1965 | t:  56.1658
╒════════════════════╤════════════════════╕
│        step        │        3500        │
├────────────────────┼────────────────────┤
│        loss        │       0.052        │
├────────────────────┼────────────────────┤
│      a0 loss       │       0.071        │
├────────────────────┼────────────────────┤
│      inv loss      │       0.196        │
╘════════════════════╧════════════════════╛

3600:   0.0524 | a0_loss:   0.0623 | inv_loss:   0.1977 | t:  56.1763
╒════════════════════╤════════════════════╕
│        step        │        3600        │
├────────────────────┼────────────────────┤
│        loss        │       0.052        │
├────────────────────┼────────────────────┤
│      a0 loss       │       0.062        │
├────────────────────┼────────────────────┤
│      inv loss      │       0.198        │
╘════════════════════╧════════════════════╛

3700:   0.0504 | a0_loss:   0.0677 | inv_loss:   0.1927 | t:  56.1802
╒════════════════════╤════════════════════╕
│        step        │        3700        │
├────────────────────┼────────────────────┤
│        loss        │       0.050        │
├────────────────────┼────────────────────┤
│      a0 loss       │       0.068        │
├────────────────────┼────────────────────┤
│      inv loss      │       0.193        │
╘════════════════════╧════════════════════╛

3800:   0.0468 | a0_loss:   0.0867 | inv_loss:   0.1745 | t:  56.1870
╒════════════════════╤════════════════════╕
│        step        │        3800        │
├────────────────────┼────────────────────┤
│        loss        │       0.047        │
├────────────────────┼────────────────────┤
│      a0 loss       │       0.087        │
├────────────────────┼────────────────────┤
│      inv loss      │       0.174        │
╘════════════════════╧════════════════════╛

3900:   0.0530 | a0_loss:   0.1016 | inv_loss:   0.1916 | t:  56.1802
╒════════════════════╤════════════════════╕
│        step        │        3900        │
├────────────────────┼────────────────────┤
│        loss        │       0.053        │
├────────────────────┼────────────────────┤
│      a0 loss       │       0.102        │
├────────────────────┼────────────────────┤
│      inv loss      │       0.192        │
╘════════════════════╧════════════════════╛

[ utils/training ] Saved model to checkpoints/checkpoint/state_4000.pt
4000:   0.0512 | a0_loss:   0.1130 | inv_loss:   0.1934 | t:  57.3731
╒════════════════════╤════════════════════╕
│        step        │        4000        │
├────────────────────┼────────────────────┤
│        loss        │       0.051        │
├────────────────────┼────────────────────┤
│      a0 loss       │       0.113        │
├────────────────────┼────────────────────┤
│      inv loss      │       0.193        │
╘════════════════════╧════════════════════╛

